Falha: Torre:  Unidade:  Usuario:  E-mail: 
Falha: Torre:  Unidade:  Usuario:  E-mail: 
Sucesso: Torre: 1 - Flore Unidade: 1 Usuario: oberdan E-mail: oberdan@craos.net
Falha: Torre:  Unidade:  Usuario:  E-mail: 
Sucesso: Torre: 1 - Flore Unidade: 2 Usuario: paulo E-mail: paulo@gmail.com
Falha: Torre:  Unidade:  Usuario:  E-mail: 
Sucesso: Torre: 1 - Flore Unidade: 3 Usuario: jackson E-mail: jackson@gmail.com
Falha: Torre:  Unidade:  Usuario:  E-mail: 
Sucesso: Torre: 6 - Ventura Unidade: 4 Usuario: monika E-mail: monika@anima.com.br
Falha: Torre:  Unidade:  Usuario:  E-mail: 
Falha: Torre:  Unidade:  Usuario:  E-mail: 
Sucesso: Torre: 1 - Flore Unidade: 11 Usuario: raqu111 E-mail: mv.raquel@yahoo.com.br
Falha: Torre:  Unidade:  Usuario:  E-mail: 
Sucesso: Torre: 1 - Flore Unidade: 12 Usuario: roni112 E-mail: roni.raimundo@gmail.com
Falha: Torre:  Unidade:  Usuario:  E-mail: 
Sucesso: Torre: 1 - Flore Unidade: 13 Usuario: artu113 E-mail: artur1976@uol.com.br
Falha: Torre:  Unidade:  Usuario:  E-mail: 
Sucesso: Torre: 1 - Flore Unidade: 14 Usuario: luci114 E-mail: lubsantos2@hotmail.com
Falha: Torre:  Unidade:  Usuario:  E-mail: 
Falha: Torre: 1 - Flore Unidade: 15 Usuario: luci115 E-mail: lucianagomes10@ibest.com.br
Falha: Torre:  Unidade:  Usuario:  E-mail: 
Falha: Torre: 1 - Flore Unidade: 16 Usuario: marc116 E-mail: mndc@hotmail.com
Falha: Torre:  Unidade:  Usuario:  E-mail: 
Falha: Torre: 1 - Flore Unidade: 21 Usuario: juss121 E-mail: jussarappportela@hotmail.com
Falha: Torre:  Unidade:  Usuario:  E-mail: 
Falha: Torre: 1 - Flore Unidade: 22 Usuario: sabr122 E-mail: sabrina.entz.f@hotmail.com
Falha: Torre:  Unidade:  Usuario:  E-mail: 
Falha: Torre: 1 - Flore Unidade: 23 Usuario: jose123 E-mail: mlej@ig.com.br
Falha: Torre:  Unidade:  Usuario:  E-mail: 
Falha: Torre: 1 - Flore Unidade: 24 Usuario: leon124 E-mail: l.melati@ig.com.br
Falha: Torre:  Unidade:  Usuario:  E-mail: 
Falha: Torre: 1 - Flore Unidade: 25 Usuario: emer125 E-mail: emerson_ejt@yahoo.com.br
Falha: Torre:  Unidade:  Usuario:  E-mail: 
Falha: Torre: 1 - Flore Unidade: 26 Usuario: ocim126 E-mail: ocimar.garcia@bol.com.br
Falha: Torre:  Unidade:  Usuario:  E-mail: 
Falha: Torre:  Unidade:  Usuario:  E-mail: 
Falha: Torre: 1 - Flore Unidade: 31 Usuario: vane131 E-mail: vanessapenati@hotmail.com
Falha: Torre:  Unidade:  Usuario:  E-mail: 
Falha: Torre: 1 - Flore Unidade: 32 Usuario: deni132 E-mail: jfl2006@hotmail.com
Falha: Torre:  Unidade:  Usuario:  E-mail: 
Falha: Torre: 1 - Flore Unidade: 33 Usuario: dima133 E-mail: dimas.pereiracosta@gmail.com
Falha: Torre:  Unidade:  Usuario:  E-mail: 
Falha: Torre: 1 - Flore Unidade: 34 Usuario: dalv134 E-mail: eduardomarcelinno@ig.com.br
Falha: Torre:  Unidade:  Usuario:  E-mail: 
Falha: Torre: 1 - Flore Unidade: 35 Usuario: orla135 E-mail: damico@mackenzista.com.br
Falha: Torre:  Unidade:  Usuario:  E-mail: 
Falha: Torre: 1 - Flore Unidade: 36 Usuario: emma136 E-mail: emmanuel_freire@yahoo.com.br
Falha: Torre:  Unidade:  Usuario:  E-mail: 
Falha: Torre: 1 - Flore Unidade: 41 Usuario: roge141 E-mail: ronella@uol.com.br
Falha: Torre:  Unidade:  Usuario:  E-mail: 
Falha: Torre:  Unidade:  Usuario:  E-mail: 
Falha: Torre: 1 - Flore Unidade: 42 Usuario: robs142 E-mail: rcvalsi@gmail.com
Falha: Torre:  Unidade:  Usuario:  E-mail: 
Falha: Torre: 1 - Flore Unidade: 43 Usuario: flav143 E-mail: flavio.produtor@uol.com.br
Falha: Torre:  Unidade:  Usuario:  E-mail: 
Falha: Torre: 1 - Flore Unidade: 44 Usuario: paul144 E-mail: luciana.ip@hotmail.com
Falha: Torre:  Unidade:  Usuario:  E-mail: 
Falha: Torre: 1 - Flore Unidade: 45 Usuario: thal145 E-mail: thalita.bartholo@gmail.com
Falha: Torre:  Unidade:  Usuario:  E-mail: 
Falha: Torre: 1 - Flore Unidade: 46 Usuario: deci146 E-mail: sandras.silva78@hotmail.com
Falha: Torre:  Unidade:  Usuario:  E-mail: 
Falha: Torre:  Unidade:  Usuario:  E-mail: 
Falha: Torre: 1 - Flore Unidade: 51 Usuario: silv151 E-mail: 
Falha: Torre:  Unidade:  Usuario:  E-mail: 
Falha: Torre:  Unidade:  Usuario:  E-mail: 
Falha: Torre:  Unidade:  Usuario:  E-mail: 
Falha: Torre: 1 - Flore Unidade: 51 Usuario: dani151 E-mail: dani_smiguez@hotmail.com
Falha: Torre:  Unidade:  Usuario:  E-mail: 
Falha: Torre:  Unidade:  Usuario:  E-mail: 
Falha: Torre: 1 - Flore Unidade: 52 Usuario: laer152 E-mail: adeliatakai@hotmail.com
Falha: Torre:  Unidade:  Usuario:  E-mail: 
Falha: Torre:  Unidade:  Usuario:  E-mail: 
Falha: Torre:  Unidade:  Usuario:  E-mail: 
Falha: Torre: 1 - Flore Unidade: 53 Usuario: marc153 E-mail: damascenotorres@uol.com.br
Falha: Torre:  Unidade:  Usuario:  E-mail: 
Falha: Torre:  Unidade:  Usuario:  E-mail: 
Falha: Torre: 1 - Flore Unidade: 54 Usuario: aniv154 E-mail: anivaldo@aldeiacomarte.com.br
Falha: Torre:  Unidade:  Usuario:  E-mail: 
Falha: Torre:  Unidade:  Usuario:  E-mail: 
Falha: Torre:  Unidade:  Usuario:  E-mail: 
Falha: Torre: 1 - Flore Unidade: 55 Usuario: jair155 E-mail: soniahortela@gmail.com
Falha: Torre:  Unidade:  Usuario:  E-mail: 
Falha: Torre:  Unidade:  Usuario:  E-mail: 
Falha: Torre: 1 - Flore Unidade: 56 Usuario: bren156 E-mail: breno.fernandes@volkswagen.com.br
Falha: Torre:  Unidade:  Usuario:  E-mail: 
Falha: Torre:  Unidade:  Usuario:  E-mail: 
Falha: Torre:  Unidade:  Usuario:  E-mail: 
Falha: Torre: 1 - Flore Unidade: 61 Usuario: fabi161 E-mail: fjose@cielo.com.br
Falha: Torre:  Unidade:  Usuario:  E-mail: 
Falha: Torre:  Unidade:  Usuario:  E-mail: 
Falha: Torre: 1 - Flore Unidade: 62 Usuario: heri162 E-mail: herivelto.borges@adventistas.org.br
Falha: Torre:  Unidade:  Usuario:  E-mail: 
Falha: Torre:  Unidade:  Usuario:  E-mail: 
Falha: Torre:  Unidade:  Usuario:  E-mail: 
Falha: Torre: 1 - Flore Unidade: 62 Usuario: carl162 E-mail: pedro256@ig.com.br
Falha: Torre:  Unidade:  Usuario:  E-mail: 
Falha: Torre:  Unidade:  Usuario:  E-mail: 
Falha: Torre:  Unidade:  Usuario:  E-mail: 
Falha: Torre: 1 - Flore Unidade: 63 Usuario: luis163 E-mail: lforneiro@uol.com.br
Falha: Torre:  Unidade:  Usuario:  E-mail: 
Falha: Torre:  Unidade:  Usuario:  E-mail: 
Falha: Torre: 1 - Flore Unidade: 64 Usuario: ales164 E-mail: alessainfo@gmail.com
Falha: Torre:  Unidade:  Usuario:  E-mail: 
Falha: Torre:  Unidade:  Usuario:  E-mail: 
Falha: Torre:  Unidade:  Usuario:  E-mail: 
Falha: Torre: 1 - Flore Unidade: 65 Usuario: vini165 E-mail: vinicajuela@hotmail.com
Falha: Torre:  Unidade:  Usuario:  E-mail: 
Falha: Torre:  Unidade:  Usuario:  E-mail: 
Falha: Torre: 1 - Flore Unidade: 66 Usuario: mari166 E-mail: mariana@trintimoveis.com.br
Falha: Torre:  Unidade:  Usuario:  E-mail: 
Falha: Torre:  Unidade:  Usuario:  E-mail: 
Falha: Torre:  Unidade:  Usuario:  E-mail: 
Falha: Torre:  Unidade:  Usuario:  E-mail: 
Falha: Torre: 1 - Flore Unidade: 71 Usuario: rena171 E-mail: alves_thaisa@hotmail.com
Falha: Torre:  Unidade:  Usuario:  E-mail: 
Falha: Torre:  Unidade:  Usuario:  E-mail: 
Falha: Torre: 1 - Flore Unidade: 72 Usuario: marc172 E-mail: marcelo@informatico.com.br
Falha: Torre:  Unidade:  Usuario:  E-mail: 
Falha: Torre:  Unidade:  Usuario:  E-mail: 
Falha: Torre:  Unidade:  Usuario:  E-mail: 
Falha: Torre: 1 - Flore Unidade: 73 Usuario: juli173 E-mail: juliana_coutinho@ig.com.br
Falha: Torre:  Unidade:  Usuario:  E-mail: 
Falha: Torre:  Unidade:  Usuario:  E-mail: 
Falha: Torre: 1 - Flore Unidade: 74 Usuario: airt174 E-mail: airtonjunior82@uol.com.br
Falha: Torre:  Unidade:  Usuario:  E-mail: 
Falha: Torre:  Unidade:  Usuario:  E-mail: 
Falha: Torre:  Unidade:  Usuario:  E-mail: 
Falha: Torre: 1 - Flore Unidade: 75 Usuario: dani175 E-mail: daniloal@gmail.com
Falha: Torre:  Unidade:  Usuario:  E-mail: 
Falha: Torre:  Unidade:  Usuario:  E-mail: 
Falha: Torre: 1 - Flore Unidade: 76 Usuario: dani176 E-mail: daniel@activenighteventos.com.br
Falha: Torre:  Unidade:  Usuario:  E-mail: 
Falha: Torre:  Unidade:  Usuario:  E-mail: 
Falha: Torre:  Unidade:  Usuario:  E-mail: 
Falha: Torre: 1 - Flore Unidade: 81 Usuario: rodn181 E-mail: rodneyscs@gmail.com
Falha: Torre:  Unidade:  Usuario:  E-mail: 
Falha: Torre:  Unidade:  Usuario:  E-mail: 
Falha: Torre: 1 - Flore Unidade: 82 Usuario: vera182 E-mail: vrcbarros@uol.com.br
Falha: Torre:  Unidade:  Usuario:  E-mail: 
Falha: Torre:  Unidade:  Usuario:  E-mail: 
Falha: Torre:  Unidade:  Usuario:  E-mail: 
Falha: Torre: 1 - Flore Unidade: 82 Usuario: cris182 E-mail: crisbessas@gmail.com
Falha: Torre:  Unidade:  Usuario:  E-mail: 
Falha: Torre:  Unidade:  Usuario:  E-mail: 
Falha: Torre:  Unidade:  Usuario:  E-mail: 
Falha: Torre: 1 - Flore Unidade: 83 Usuario: marc183 E-mail: cassilenegn@uol.com.br
Falha: Torre:  Unidade:  Usuario:  E-mail: 
Falha: Torre:  Unidade:  Usuario:  E-mail: 
Falha: Torre:  Unidade:  Usuario:  E-mail: 
Falha: Torre: 1 - Flore Unidade: 84 Usuario: erik184 E-mail: erikasccastro@hotmail.com
Falha: Torre:  Unidade:  Usuario:  E-mail: 
Falha: Torre:  Unidade:  Usuario:  E-mail: 
Falha: Torre:  Unidade:  Usuario:  E-mail: 
Falha: Torre:  Unidade:  Usuario:  E-mail: 
Falha: Torre: 1 - Flore Unidade: 85 Usuario: rica185 E-mail: ricardo.last@gmail.com
Falha: Torre:  Unidade:  Usuario:  E-mail: 
Falha: Torre:  Unidade:  Usuario:  E-mail: 
Falha: Torre:  Unidade:  Usuario:  E-mail: 
Falha: Torre:  Unidade:  Usuario:  E-mail: 
Falha: Torre:  Unidade:  Usuario:  E-mail: 
Falha: Torre:  Unidade:  Usuario:  E-mail: 
Falha: Torre: 1 - Flore Unidade: 85 Usuario: juli185 E-mail: juliana.soares@belmetal.com.br
Falha: Torre:  Unidade:  Usuario:  E-mail: 
Falha: Torre:  Unidade:  Usuario:  E-mail: 
Falha: Torre:  Unidade:  Usuario:  E-mail: 
Falha: Torre:  Unidade:  Usuario:  E-mail: 
Falha: Torre:  Unidade:  Usuario:  E-mail: 
Falha: Torre: 1 - Flore Unidade: 86 Usuario: alin186 E-mail: aline_ventorini@hotmail.com
Falha: Torre:  Unidade:  Usuario:  E-mail: 
Falha: Torre:  Unidade:  Usuario:  E-mail: 
Falha: Torre: 1 - Flore Unidade: 86 Usuario: moni186 E-mail: ivan.rocato@daimler.com
Falha: Torre:  Unidade:  Usuario:  E-mail: 
Falha: Torre:  Unidade:  Usuario:  E-mail: 
Falha: Torre:  Unidade:  Usuario:  E-mail: 
Falha: Torre:  Unidade:  Usuario:  E-mail: 
Falha: Torre:  Unidade:  Usuario:  E-mail: 
Falha: Torre:  Unidade:  Usuario:  E-mail: 
Falha: Torre:  Unidade:  Usuario:  E-mail: 
Falha: Torre:  Unidade:  Usuario:  E-mail: 
Falha: Torre:  Unidade:  Usuario:  E-mail: 
Falha: Torre:  Unidade:  Usuario:  E-mail: 
Falha: Torre:  Unidade:  Usuario:  E-mail: 
Falha: Torre:  Unidade:  Usuario:  E-mail: 
Falha: Torre:  Unidade:  Usuario:  E-mail: 
Falha: Torre:  Unidade:  Usuario:  E-mail: 
Falha: Torre:  Unidade:  Usuario:  E-mail: 
Falha: Torre:  Unidade:  Usuario:  E-mail: 
Falha: Torre:  Unidade:  Usuario:  E-mail: 
Falha: Torre:  Unidade:  Usuario:  E-mail: 
Falha: Torre:  Unidade:  Usuario:  E-mail: 
Falha: Torre:  Unidade:  Usuario:  E-mail: 
Falha: Torre:  Unidade:  Usuario:  E-mail: 
Falha: Torre:  Unidade:  Usuario:  E-mail: 
Falha: Torre:  Unidade:  Usuario:  E-mail: 
Falha: Torre:  Unidade:  Usuario:  E-mail: 
Falha: Torre:  Unidade:  Usuario:  E-mail: 
Falha: Torre:  Unidade:  Usuario:  E-mail: 
Falha: Torre:  Unidade:  Usuario:  E-mail: 
Falha: Torre:  Unidade:  Usuario:  E-mail: 
Falha: Torre:  Unidade:  Usuario:  E-mail: 
Falha: Torre:  Unidade:  Usuario:  E-mail: 
Falha: Torre:  Unidade:  Usuario:  E-mail: 
Falha: Torre:  Unidade:  Usuario:  E-mail: 
Falha: Torre:  Unidade:  Usuario:  E-mail: 
Falha: Torre:  Unidade:  Usuario:  E-mail: 
Falha: Torre:  Unidade:  Usuario:  E-mail: 
Falha: Torre:  Unidade:  Usuario:  E-mail: 
Falha: Torre:  Unidade:  Usuario:  E-mail: 
Falha: Torre:  Unidade:  Usuario:  E-mail: 
Falha: Torre:  Unidade:  Usuario:  E-mail: 
Falha: Torre:  Unidade:  Usuario:  E-mail: 
Falha: Torre:  Unidade:  Usuario:  E-mail: 
Falha: Torre:  Unidade:  Usuario:  E-mail: 
Falha: Torre:  Unidade:  Usuario:  E-mail: 
Falha: Torre:  Unidade:  Usuario:  E-mail: 
Falha: Torre:  Unidade:  Usuario:  E-mail: 
Falha: Torre:  Unidade:  Usuario:  E-mail: 
Falha: Torre:  Unidade:  Usuario:  E-mail: 
Falha: Torre:  Unidade:  Usuario:  E-mail: 
Falha: Torre:  Unidade:  Usuario:  E-mail: 
Falha: Torre:  Unidade:  Usuario:  E-mail: 
Falha: Torre:  Unidade:  Usuario:  E-mail: 
1: Torre: 1 - Flore Unidade: 26 Usuario: ocim126 E-mail: ocimar.garcia@bol.com.br
1: Torre: 1 - Flore Unidade: 31 Usuario: vane131 E-mail: vanessapenati@hotmail.com
1: Torre: 1 - Flore Unidade: 32 Usuario: deni132 E-mail: jfl2006@hotmail.com
1: Torre: 1 - Flore Unidade: 33 Usuario: dima133 E-mail: dimas.pereiracosta@gmail.com
1: Torre: 1 - Flore Unidade: 34 Usuario: dalv134 E-mail: eduardomarcelinno@ig.com.br
1: Torre: 1 - Flore Unidade: 35 Usuario: orla135 E-mail: damico@mackenzista.com.br
