[25-Jun-2019 15:16:36 America/Sao_Paulo] PHP Warning:  Declaration of RecordSet::Open($Name) should be compatible with Database::open() in /Users/oberdanbrito/sites/smart.supervisor/craosframework/recordset/RecordSet.class.php on line 446
[25-Jun-2019 15:16:36 America/Sao_Paulo] PHP Warning:  pg_connect(): Unable to connect to PostgreSQL server: FATAL:  password authentication failed for user &quot;smart_supervisor&quot; in /Users/oberdanbrito/sites/smart.supervisor/craosframework/recordset/RecordSet.class.php on line 131
[25-Jun-2019 15:16:36 America/Sao_Paulo] PHP Fatal error:  Uncaught Exception: Headers already sent in /Users/oberdanbrito/sites/smart.supervisor/craosframework/recordset/RecordSet.class.php on line 446. Cannot send log data to FirePHP. You must have Output Buffering enabled via ob_start() or output_buffering ini directive. in /Users/oberdanbrito/sites/smart.supervisor/craosframework/recordset/FirePHP.class.php:1178
Stack trace:
#0 /Users/oberdanbrito/sites/smart.supervisor/craosframework/recordset/FirePHP.class.php(757): FirePHP->newException('Headers already...')
#1 /Users/oberdanbrito/sites/smart.supervisor/craosframework/recordset/fb.php(148): FirePHP->fb('login', 'a', 'DUMP')
#2 /Users/oberdanbrito/sites/smart.supervisor/craosframework/recordset/fb.php(246): FB::send('login', 'a', 'DUMP')
#3 /Users/oberdanbrito/sites/smart.supervisor/craosframework/recordset/RecordSet.io.class.php(258): FB::dump('a', 'login')
#4 /Users/oberdanbrito/sites/smart.supervisor/craosframework/recordset/RecordSet.io.class.php(148): IO->Action()
#5 /Users/oberdanbrito/sites/smart.supervi in /Users/oberdanbrito/sites/smart.supervisor/craosframework/recordset/FirePHP.class.php on line 1178
[25-Jun-2019 15:17:57 America/Sao_Paulo] PHP Warning:  Declaration of RecordSet::Open($Name) should be compatible with Database::open() in /Users/oberdanbrito/sites/smart.supervisor/craosframework/recordset/RecordSet.class.php on line 446
[25-Jun-2019 15:17:57 America/Sao_Paulo] PHP Fatal error:  Uncaught Exception: Headers already sent in /Users/oberdanbrito/sites/smart.supervisor/craosframework/recordset/RecordSet.class.php on line 446. Cannot send log data to FirePHP. You must have Output Buffering enabled via ob_start() or output_buffering ini directive. in /Users/oberdanbrito/sites/smart.supervisor/craosframework/recordset/FirePHP.class.php:1178
Stack trace:
#0 /Users/oberdanbrito/sites/smart.supervisor/craosframework/recordset/FirePHP.class.php(757): FirePHP->newException('Headers already...')
#1 /Users/oberdanbrito/sites/smart.supervisor/craosframework/recordset/fb.php(148): FirePHP->fb('login', 'a', 'DUMP')
#2 /Users/oberdanbrito/sites/smart.supervisor/craosframework/recordset/fb.php(246): FB::send('login', 'a', 'DUMP')
#3 /Users/oberdanbrito/sites/smart.supervisor/craosframework/recordset/RecordSet.io.class.php(258): FB::dump('a', 'login')
#4 /Users/oberdanbrito/sites/smart.supervisor/craosframework/recordset/RecordSet.io.class.php(148): IO->Action()
#5 /Users/oberdanbrito/sites/smart.supervi in /Users/oberdanbrito/sites/smart.supervisor/craosframework/recordset/FirePHP.class.php on line 1178
[25-Jun-2019 15:25:25 America/Sao_Paulo] PHP Warning:  Declaration of RecordSet::Open($Name) should be compatible with Database::open() in /Users/oberdanbrito/sites/smart.supervisor/craosframework/recordset/RecordSet.class.php on line 446
[25-Jun-2019 15:25:26 America/Sao_Paulo] PHP Fatal error:  Uncaught Exception: Headers already sent in /Users/oberdanbrito/sites/smart.supervisor/craosframework/recordset/RecordSet.class.php on line 446. Cannot send log data to FirePHP. You must have Output Buffering enabled via ob_start() or output_buffering ini directive. in /Users/oberdanbrito/sites/smart.supervisor/craosframework/recordset/FirePHP.class.php:1178
Stack trace:
#0 /Users/oberdanbrito/sites/smart.supervisor/craosframework/recordset/FirePHP.class.php(757): FirePHP->newException('Headers already...')
#1 /Users/oberdanbrito/sites/smart.supervisor/craosframework/recordset/fb.php(148): FirePHP->fb('login', 'a', 'DUMP')
#2 /Users/oberdanbrito/sites/smart.supervisor/craosframework/recordset/fb.php(246): FB::send('login', 'a', 'DUMP')
#3 /Users/oberdanbrito/sites/smart.supervisor/craosframework/recordset/RecordSet.io.class.php(258): FB::dump('a', 'login')
#4 /Users/oberdanbrito/sites/smart.supervisor/craosframework/recordset/RecordSet.io.class.php(148): IO->Action()
#5 /Users/oberdanbrito/sites/smart.supervi in /Users/oberdanbrito/sites/smart.supervisor/craosframework/recordset/FirePHP.class.php on line 1178
